{
  "stats": {
    "suites": 1,
    "tests": 1,
    "passes": 1,
    "pending": 0,
    "failures": 0,
    "start": "2026-04-18T16:41:52.309Z",
    "end": "2026-04-18T16:41:58.739Z",
    "duration": 6430,
    "testsRegistered": 1,
    "passPercent": 100,
    "pendingPercent": 0,
    "other": 0,
    "hasOther": false,
    "skipped": 0,
    "hasSkipped": false
  },
  "results": [
    {
      "uuid": "54403edd-8783-4363-a432-07d4d1e9611e",
      "title": "",
      "fullFile": "C:\\Users\\ADVAN\\Documents\\Maesa Q\\Tugas\\Maesa Sesi 9\\test\\test9.js",
      "file": "\\test\\test9.js",
      "beforeHooks": [],
      "afterHooks": [],
      "tests": [],
      "suites": [
        {
          "uuid": "2e34a761-c8d9-441d-965e-5ecdae41b046",
          "title": "SauceDemo Test",
          "fullFile": "C:\\Users\\ADVAN\\Documents\\Maesa Q\\Tugas\\Maesa Sesi 9\\test\\test9.js",
          "file": "\\test\\test9.js",
          "beforeHooks": [],
          "afterHooks": [],
          "tests": [
            {
              "title": "Sukses Login + Sort Produk Z-A",
              "fullTitle": "SauceDemo Test Sukses Login + Sort Produk Z-A",
              "timedOut": false,
              "duration": 6415,
              "state": "passed",
              "speed": "slow",
              "pass": true,
              "fail": false,
              "pending": false,
              "context": null,
              "code": "let options = new edge.Options();\n        options.addArguments(\"--headless\");\n        driver = await new Builder()\n            .forBrowser('MicrosoftEdge')\n            .setEdgeOptions(options)\n            .build();\n        await driver.get('https://www.saucedemo.com');\n        // login\n        await driver.findElement(By.css('[data-test=\"username\"]')).sendKeys('standard_user');\n        await driver.findElement(By.xpath('//*[@data-test=\"password\"]')).sendKeys('secret_sauce');\n        await driver.findElement(By.css('#login-button')).click();\n        // assert login\n        let logo = await driver.findElement(By.className('app_logo'));\n        let textLogo = await logo.getText();\n        assert.strictEqual(textLogo, 'Swag Labs');\n        // tunggu cart\n        let cart = await driver.wait(\n            until.elementLocated(By.css('[data-test=\"shopping-cart-link\"]')),\n            5000\n        );\n        await driver.wait(until.elementIsVisible(cart), 5000);\n        // sort Z-A\n        let sortDropdown = await driver.findElement(By.css('[data-test=\"product-sort-container\"]'));\n        await sortDropdown.sendKeys('Name (Z to A)');\n        await driver.sleep(2000);\n        await driver.quit();",
              "err": {},
              "uuid": "9a35dba7-fb06-4037-8dba-c65d9bb2cfde",
              "parentUUID": "2e34a761-c8d9-441d-965e-5ecdae41b046",
              "isHook": false,
              "skipped": false
            }
          ],
          "suites": [],
          "passes": [
            "9a35dba7-fb06-4037-8dba-c65d9bb2cfde"
          ],
          "failures": [],
          "pending": [],
          "skipped": [],
          "duration": 6415,
          "root": false,
          "rootEmpty": false,
          "_timeout": 60000
        }
      ],
      "passes": [],
      "failures": [],
      "pending": [],
      "skipped": [],
      "duration": 0,
      "root": true,
      "rootEmpty": true,
      "_timeout": 60000
    }
  ],
  "meta": {
    "mocha": {
      "version": "10.8.2"
    },
    "mochawesome": {
      "options": {
        "quiet": false,
        "reportFilename": "mochawesome",
        "saveHtml": true,
        "saveJson": true,
        "consoleReporter": "spec",
        "useInlineDiffs": false,
        "code": true
      },
      "version": "7.1.4"
    },
    "marge": {
      "options": null,
      "version": "6.3.2"
    }
  }
}